
[33mSun Feb 26 2012 17:15:54 GMT+0900 (JST)[39m [1m1[22m
[1mGET[22m [90m/posts/new[39m controller: [32mposts[39m action: [34mnew[39m
>>> perform [90m[1mprotect from forgery[22m[39m
<<< protect from forgery [1 ms]
>>> perform [34m[1mnew[22m[39m
Rendering [90mposts/new[39m using layout [90mposts_layout[39m
<<< new [56 ms]

[33mSun Feb 26 2012 17:15:54 GMT+0900 (JST)[39m [1m2[22m
[1mGET[22m [90m/posts[39m controller: [32mposts[39m action: [34mindex[39m
>>> perform [90m[1mprotect from forgery[22m[39m
<<< protect from forgery [0 ms]
>>> perform [34m[1mindex[22m[39m
Rendering [90mposts/index[39m using layout [90mposts_layout[39m
<<< index [67 ms]

[33mSun Feb 26 2012 17:15:54 GMT+0900 (JST)[39m [1m3[22m
[1mGET[22m [90m/posts/42/edit[39m controller: [32mposts[39m action: [34medit[39m
>>> perform [90m[1mprotect from forgery[22m[39m
<<< protect from forgery [0 ms]
>>> perform [90m[1mload post[22m[39m
<<< load post [0 ms]
>>> perform [34m[1medit[22m[39m
Rendering [90mposts/edit[39m using layout [90mposts_layout[39m
<<< edit [8 ms]

[33mSun Feb 26 2012 17:15:54 GMT+0900 (JST)[39m [1m4[22m
[1mGET[22m [90m/posts/42[39m controller: [32mposts[39m action: [34mshow[39m
>>> perform [90m[1mprotect from forgery[22m[39m
<<< protect from forgery [1 ms]
>>> perform [90m[1mload post[22m[39m
<<< load post [0 ms]
>>> perform [34m[1mshow[22m[39m
Rendering [90mposts/show[39m using layout [90mposts_layout[39m
<<< show [4 ms]

[33mSun Feb 26 2012 17:15:55 GMT+0900 (JST)[39m [1m5[22m
[1mPOST[22m [90m/posts[39m controller: [32mposts[39m action: [34mcreate[39m
[1mBody:  [22m{"Post":{"title":"","content":"","createdAt":"aa"}}
>>> perform [90m[1mprotect from forgery[22m[39m
<<< protect from forgery [2 ms]
>>> perform [34m[1mcreate[22m[39m
Redirected to [90m/posts[39m
<<< create [2 ms]

[33mSun Feb 26 2012 17:15:55 GMT+0900 (JST)[39m [1m6[22m
[1mPOST[22m [90m/posts[39m controller: [32mposts[39m action: [34mcreate[39m
[1mBody:  [22m{"Post":{"title":"","content":"","createdAt":"aa"}}
>>> perform [90m[1mprotect from forgery[22m[39m
<<< protect from forgery [2 ms]
>>> perform [34m[1mcreate[22m[39m
Rendering [90mposts/new[39m using layout [90mposts_layout[39m
<<< create [13 ms]

[33mSun Feb 26 2012 17:15:55 GMT+0900 (JST)[39m [1m7[22m
[1mPUT[22m [90m/posts/1[39m controller: [32mposts[39m action: [34mupdate[39m
[1mBody:  [22m{"title":"","content":"","createdAt":"aa"}
>>> perform [90m[1mprotect from forgery[22m[39m
<<< protect from forgery [0 ms]
>>> perform [90m[1mload post[22m[39m
<<< load post [0 ms]
>>> perform [34m[1mupdate[22m[39m
Redirected to [90m/posts/1[39m
<<< update [1 ms]

[33mSun Feb 26 2012 17:15:55 GMT+0900 (JST)[39m [1m8[22m
[1mPUT[22m [90m/posts/1[39m controller: [32mposts[39m action: [34mupdate[39m
[1mBody:  [22m{"title":"","content":"","createdAt":"aa"}
>>> perform [90m[1mprotect from forgery[22m[39m
<<< protect from forgery [0 ms]
>>> perform [90m[1mload post[22m[39m
<<< load post [0 ms]
>>> perform [34m[1mupdate[22m[39m
Rendering [90mposts/edit[39m using layout [90mposts_layout[39m
<<< update [13 ms]
